-------------------------------------------------------------------------------
Test set: com.h2.Module2_Test
-------------------------------------------------------------------------------
Tests run: 10, Failures: 4, Errors: 0, Skipped: 0, Time elapsed: 0.078 s <<< FAILURE! - in com.h2.Module2_Test
m2_06_assertMainMethodPromptsName  Time elapsed: 0.013 s  <<< FAILURE!
org.opentest4j.AssertionFailedError: expected: <Enter your name> but was: <Enter your name>
	at com.h2.Module2_Test.m2_06_assertMainMethodPromptsName(Module2_Test.java:166)

m2_10_testNameAndLoanTerm  Time elapsed: 0.003 s  <<< FAILURE!
org.opentest4j.AssertionFailedError: expected: <Enter your name> but was: <Enter your name>
	at com.h2.Module2_Test.m2_10_testNameAndLoanTerm(Module2_Test.java:268)

m2_09_testGetRatesMethodCorrectness  Time elapsed: 0.005 s  <<< FAILURE!
org.opentest4j.AssertionFailedError: best rate for '1 year' must be '5.50f' ==> expected: <5.5> but was: <5.58>
	at com.h2.Module2_Test.m2_09_testGetRatesMethodCorrectness(Module2_Test.java:231)

m2_07_testBestRatesExistence  Time elapsed: 0.003 s  <<< FAILURE!
org.opentest4j.AssertionFailedError: bestRates should return '5.50f' for key '1' ==> expected: <5.5> but was: <5.58>
	at com.h2.Module2_Test.m2_07_testBestRatesExistence(Module2_Test.java:190)

