<?xml version="1.0" encoding="UTF-8"?>
<testsuite xmlns:xsi="http://www.w3.org/2001/XMLSchema-instance" xsi:noNamespaceSchemaLocation="https://maven.apache.org/surefire/maven-surefire-plugin/xsd/surefire-test-report.xsd" name="com.h2.Module5_Test" time="0.001" tests="9" errors="0" skipped="0" failures="9">
  <properties>
[...]
</properties>
  <testcase name="m5_09_testFinanceMainMethodWorksCorrectly" classname="com.h2.Module5_Test" time="0">
    <failure message="Finance must exist ==&gt; expected: &lt;true&gt; but was: &lt;false&gt;" type="org.opentest4j.AssertionFailedError"><![CDATA[org.opentest4j.AssertionFailedError: Finance must exist ==> expected: <true> but was: <false>
	at com.h2.Module5_Test.m5_09_testFinanceMainMethodWorksCorrectly(Module5_Test.java:301)
]]></failure>
  </testcase>
  <testcase name="m5_06_testExecuteCommandExistence" classname="com.h2.Module5_Test" time="0">
    <failure message="Finance should be present ==&gt; expected: &lt;true&gt; but was: &lt;false&gt;" type="org.opentest4j.AssertionFailedError"><![CDATA[org.opentest4j.AssertionFailedError: Finance should be present ==> expected: <true> but was: <false>
	at com.h2.Module5_Test.m5_06_testExecuteCommandExistence(Module5_Test.java:198)
]]></failure>
  </testcase>
  <testcase name="m5_07_testExecuteCommandExistenceForCorrectness" classname="com.h2.Module5_Test" time="0">
    <failure message="Finance must exist ==&gt; expected: &lt;true&gt; but was: &lt;false&gt;" type="org.opentest4j.AssertionFailedError"><![CDATA[org.opentest4j.AssertionFailedError: Finance must exist ==> expected: <true> but was: <false>
	at com.h2.Module5_Test.m5_07_testExecuteCommandExistenceForCorrectness(Module5_Test.java:220)
]]></failure>
  </testcase>
  <testcase name="m5_03_testCommandsToUsage" classname="com.h2.Module5_Test" time="0">
    <failure message="Finance should be present ==&gt; expected: &lt;true&gt; but was: &lt;false&gt;" type="org.opentest4j.AssertionFailedError"><![CDATA[org.opentest4j.AssertionFailedError: Finance should be present ==> expected: <true> but was: <false>
	at com.h2.Module5_Test.m5_03_testCommandsToUsage(Module5_Test.java:100)
]]></failure>
  </testcase>
  <testcase name="m5_05_testValidateCommandArgumentsCorrectness" classname="com.h2.Module5_Test" time="0">
    <failure message="Finance should be present ==&gt; expected: &lt;true&gt; but was: &lt;false&gt;" type="org.opentest4j.AssertionFailedError"><![CDATA[org.opentest4j.AssertionFailedError: Finance should be present ==> expected: <true> but was: <false>
	at com.h2.Module5_Test.m5_05_testValidateCommandArgumentsCorrectness(Module5_Test.java:153)
]]></failure>
  </testcase>
  <testcase name="m5_04_testValidateCommandArgumentsExistence" classname="com.h2.Module5_Test" time="0">
    <failure message="Finance should be present ==&gt; expected: &lt;true&gt; but was: &lt;false&gt;" type="org.opentest4j.AssertionFailedError"><![CDATA[org.opentest4j.AssertionFailedError: Finance should be present ==> expected: <true> but was: <false>
	at com.h2.Module5_Test.m5_04_testValidateCommandArgumentsExistence(Module5_Test.java:133)
]]></failure>
  </testcase>
  <testcase name="m05_02_testCommandConstantFields" classname="com.h2.Module5_Test" time="0">
    <failure message="Finance should be present ==&gt; expected: &lt;true&gt; but was: &lt;false&gt;" type="org.opentest4j.AssertionFailedError"><![CDATA[org.opentest4j.AssertionFailedError: Finance should be present ==> expected: <true> but was: <false>
	at com.h2.Module5_Test.m05_02_testCommandConstantFields(Module5_Test.java:66)
]]></failure>
  </testcase>
  <testcase name="m5_01_assertFinanceClassExistence" classname="com.h2.Module5_Test" time="0">
    <failure message="Finance should be present ==&gt; expected: &lt;true&gt; but was: &lt;false&gt;" type="org.opentest4j.AssertionFailedError"><![CDATA[org.opentest4j.AssertionFailedError: Finance should be present ==> expected: <true> but was: <false>
	at com.h2.Module5_Test.m5_01_assertFinanceClassExistence(Module5_Test.java:59)
]]></failure>
  </testcase>
  <testcase name="m5_08_testFinanceMainMethodExists" classname="com.h2.Module5_Test" time="0">
    <failure message="Finance must exist ==&gt; expected: &lt;true&gt; but was: &lt;false&gt;" type="org.opentest4j.AssertionFailedError"><![CDATA[org.opentest4j.AssertionFailedError: Finance must exist ==> expected: <true> but was: <false>
	at com.h2.Module5_Test.m5_08_testFinanceMainMethodExists(Module5_Test.java:279)
]]></failure>
  </testcase>
</testsuite>