<?xml version="1.0" encoding="UTF-8"?>
<testsuite xmlns:xsi="http://www.w3.org/2001/XMLSchema-instance" xsi:noNamespaceSchemaLocation="https://maven.apache.org/surefire/maven-surefire-plugin/xsd/surefire-test-report.xsd" name="com.h2.Module5_Test" time="0.001" tests="9" errors="0" skipped="0" failures="9">
  <properties>
    <property name="java.specification.version" value="18"/>
    <property name="sun.cpu.isalist" value="amd64"/>
    <property name="sun.jnu.encoding" value="Cp1252"/>
    <property name="java.class.path" value="C:\pluralsight project 1\pluralsight-projects-java-first-program-44e8f54\target\test-classes;C:\pluralsight project 1\pluralsight-projects-java-first-program-44e8f54\target\classes;C:\Users\lahoa\.m2\repository\org\junit\jupiter\junit-jupiter\5.6.2\junit-jupiter-5.6.2.jar;C:\Users\lahoa\.m2\repository\org\junit\jupiter\junit-jupiter-api\5.6.2\junit-jupiter-api-5.6.2.jar;C:\Users\lahoa\.m2\repository\org\apiguardian\apiguardian-api\1.1.0\apiguardian-api-1.1.0.jar;C:\Users\lahoa\.m2\repository\org\opentest4j\opentest4j\1.2.0\opentest4j-1.2.0.jar;C:\Users\lahoa\.m2\repository\org\junit\platform\junit-platform-commons\1.6.2\junit-platform-commons-1.6.2.jar;C:\Users\lahoa\.m2\repository\org\junit\jupiter\junit-jupiter-params\5.6.2\junit-jupiter-params-5.6.2.jar;C:\Users\lahoa\.m2\repository\org\junit\jupiter\junit-jupiter-engine\5.6.2\junit-jupiter-engine-5.6.2.jar;C:\Users\lahoa\.m2\repository\org\junit\platform\junit-platform-engine\1.6.2\junit-platform-engine-1.6.2.jar;"/>
    <property name="java.vm.vendor" value="Oracle Corporation"/>
    <property name="sun.arch.data.model" value="64"/>
    <property name="user.variant" value=""/>
    <property name="java.vendor.url" value="https://java.oracle.com/"/>
    <property name="user.timezone" value="Australia/Darwin"/>
    <property name="os.name" value="Windows 10"/>
    <property name="java.vm.specification.version" value="18"/>
    <property name="sun.java.launcher" value="SUN_STANDARD"/>
    <property name="user.country" value="AU"/>
    <property name="sun.boot.library.path" value="C:\Program Files\Java\jdk-18.0.2\bin"/>
    <property name="sun.java.command" value="C:\Users\lahoa\AppData\Local\Temp\surefire16937467743611227061\surefirebooter7589573228126442046.jar C:\Users\lahoa\AppData\Local\Temp\surefire16937467743611227061 2022-08-25T09-36-28_745-jvmRun1 surefire15599866336486625810tmp surefire_014932306585237863350tmp"/>
    <property name="jdk.debug" value="release"/>
    <property name="surefire.test.class.path" value="C:\pluralsight project 1\pluralsight-projects-java-first-program-44e8f54\target\test-classes;C:\pluralsight project 1\pluralsight-projects-java-first-program-44e8f54\target\classes;C:\Users\lahoa\.m2\repository\org\junit\jupiter\junit-jupiter\5.6.2\junit-jupiter-5.6.2.jar;C:\Users\lahoa\.m2\repository\org\junit\jupiter\junit-jupiter-api\5.6.2\junit-jupiter-api-5.6.2.jar;C:\Users\lahoa\.m2\repository\org\apiguardian\apiguardian-api\1.1.0\apiguardian-api-1.1.0.jar;C:\Users\lahoa\.m2\repository\org\opentest4j\opentest4j\1.2.0\opentest4j-1.2.0.jar;C:\Users\lahoa\.m2\repository\org\junit\platform\junit-platform-commons\1.6.2\junit-platform-commons-1.6.2.jar;C:\Users\lahoa\.m2\repository\org\junit\jupiter\junit-jupiter-params\5.6.2\junit-jupiter-params-5.6.2.jar;C:\Users\lahoa\.m2\repository\org\junit\jupiter\junit-jupiter-engine\5.6.2\junit-jupiter-engine-5.6.2.jar;C:\Users\lahoa\.m2\repository\org\junit\platform\junit-platform-engine\1.6.2\junit-platform-engine-1.6.2.jar;"/>
    <property name="sun.cpu.endian" value="little"/>
    <property name="user.home" value="C:\Users\lahoa"/>
    <property name="user.language" value="en"/>
    <property name="java.specification.vendor" value="Oracle Corporation"/>
    <property name="java.version.date" value="2022-07-19"/>
    <property name="java.home" value="C:\Program Files\Java\jdk-18.0.2"/>
    <property name="file.separator" value="\"/>
    <property name="basedir" value="C:\pluralsight project 1\pluralsight-projects-java-first-program-44e8f54"/>
    <property name="java.vm.compressedOopsMode" value="Zero based"/>
    <property name="line.separator" value="&#10;"/>
    <property name="java.vm.specification.vendor" value="Oracle Corporation"/>
    <property name="java.specification.name" value="Java Platform API Specification"/>
    <property name="surefire.real.class.path" value="C:\Users\lahoa\AppData\Local\Temp\surefire16937467743611227061\surefirebooter7589573228126442046.jar"/>
    <property name="user.script" value=""/>
    <property name="sun.management.compiler" value="HotSpot 64-Bit Tiered Compilers"/>
    <property name="java.runtime.version" value="18.0.2+9-61"/>
    <property name="user.name" value="lahoa"/>
    <property name="path.separator" value=";"/>
    <property name="os.version" value="10.0"/>
    <property name="java.runtime.name" value="Java(TM) SE Runtime Environment"/>
    <property name="file.encoding" value="UTF-8"/>
    <property name="java.vm.name" value="Java HotSpot(TM) 64-Bit Server VM"/>
    <property name="localRepository" value="C:\Users\lahoa\.m2\repository"/>
    <property name="java.vendor.url.bug" value="https://bugreport.java.com/bugreport/"/>
    <property name="java.io.tmpdir" value="C:\Users\lahoa\AppData\Local\Temp\"/>
    <property name="java.version" value="18.0.2"/>
    <property name="user.dir" value="C:\pluralsight project 1\pluralsight-projects-java-first-program-44e8f54"/>
    <property name="os.arch" value="amd64"/>
    <property name="java.vm.specification.name" value="Java Virtual Machine Specification"/>
    <property name="sun.os.patch.level" value=""/>
    <property name="native.encoding" value="Cp1252"/>
    <property name="java.library.path" value="C:\Program Files\Java\jdk-18.0.2\bin;C:\WINDOWS\Sun\Java\bin;C:\WINDOWS\system32;C:\WINDOWS;C:\Program Files\Common Files\Oracle\Java\javapath;C:\Program Files (x86)\Common Files\Oracle\Java\javapath;C:\Windows\system32;C:\Windows;C:\Windows\System32\Wbem;C:\Windows\System32\WindowsPowerShell\v1.0\;C:\Windows\System32\OpenSSH\;C:\Program Files (x86)\NVIDIA Corporation\PhysX\Common;C:\Program Files\NVIDIA Corporation\NVIDIA NvDLISR;C:\Program Files\nodejs\;C:\Program Files (x86)\Yarn\bin\;C:\Program Files\Git\cmd;C:\Program Files\MongoDB\Server\4.4\bin;C:\Program Files\dotnet\;C:\WINDOWS\system32;C:\WINDOWS;C:\WINDOWS\System32\Wbem;C:\WINDOWS\System32\WindowsPowerShell\v1.0\;C:\WINDOWS\System32\OpenSSH\;C:\Program Files\Microsoft SQL Server\130\Tools\Binn\;C:\Program Files\Microsoft SQL Server\150\Tools\Binn\;C:\Program Files\Microsoft SQL Server\Client SDK\ODBC\170\Tools\Binn\;C:\Program Files (x86)\Microsoft SQL Server\150\DTS\Binn\;C:\Program Files\Azure Data Studio\bin;C:\xampp\php;C:\ProgramData\ComposerSetup\bin;C:\Program Files (x86)\DevDesktop\tools;C:\Program Files (x86)\DevDesktop\drush_10;C:\Program Files\Docker\Docker\resources\bin;C:\ProgramData\DockerDesktop\version-bin;C:\Program Files\MySQL\MySQL Shell 8.0\bin\;C:\Users\lahoa\AppData\Local\Programs\Python\Python37\Scripts\;C:\Users\lahoa\AppData\Local\Programs\Python\Python37\;C:\Users\lahoa\AppData\Local\Programs\Python\Python38\Scripts\;C:\Users\lahoa\AppData\Local\Programs\Python\Python38\;C:\Users\lahoa\AppData\Local\Microsoft\WindowsApps;C:\Users\lahoa\AppData\Roaming\npm;C:\Users\lahoa\AppData\Local\Programs\Microsoft VS Code\bin;C:\Program Files\heroku\bin;C:\Users\lahoa\AppData\Local\Yarn\bin;C:\Users\lahoa\AppData\Local\GitHubDesktop\bin;C:\Program Files (x86)\Nmap;C:\Program Files\Azure Data Studio\bin;C:\swigwin-3.0.12;C:\Program Files\JetBrains\PyCharm Community Edition 2021.1.2\bin;;C:\Users\lahoa\.dotnet\tools;C:\Program Files\Azure Data Studio\bin;C:\Users\lahoa\AppData\Roaming\Composer\vendor\bin;C:\Users\lahoa\Downloads\apache-maven-3.8.6-bin\apache-maven-3.8.6\bin;;."/>
    <property name="java.vm.info" value="mixed mode, sharing"/>
    <property name="java.vendor" value="Oracle Corporation"/>
    <property name="java.vm.version" value="18.0.2+9-61"/>
    <property name="sun.io.unicode.encoding" value="UnicodeLittle"/>
    <property name="java.class.version" value="62.0"/>
  </properties>
  <testcase name="m5_09_testFinanceMainMethodWorksCorrectly" classname="com.h2.Module5_Test" time="0">
    <failure message="Finance must exist ==&gt; expected: &lt;true&gt; but was: &lt;false&gt;" type="org.opentest4j.AssertionFailedError"><![CDATA[org.opentest4j.AssertionFailedError: Finance must exist ==> expected: <true> but was: <false>
	at com.h2.Module5_Test.m5_09_testFinanceMainMethodWorksCorrectly(Module5_Test.java:301)
]]></failure>
  </testcase>
  <testcase name="m5_06_testExecuteCommandExistence" classname="com.h2.Module5_Test" time="0">
    <failure message="Finance should be present ==&gt; expected: &lt;true&gt; but was: &lt;false&gt;" type="org.opentest4j.AssertionFailedError"><![CDATA[org.opentest4j.AssertionFailedError: Finance should be present ==> expected: <true> but was: <false>
	at com.h2.Module5_Test.m5_06_testExecuteCommandExistence(Module5_Test.java:198)
]]></failure>
  </testcase>
  <testcase name="m5_07_testExecuteCommandExistenceForCorrectness" classname="com.h2.Module5_Test" time="0">
    <failure message="Finance must exist ==&gt; expected: &lt;true&gt; but was: &lt;false&gt;" type="org.opentest4j.AssertionFailedError"><![CDATA[org.opentest4j.AssertionFailedError: Finance must exist ==> expected: <true> but was: <false>
	at com.h2.Module5_Test.m5_07_testExecuteCommandExistenceForCorrectness(Module5_Test.java:220)
]]></failure>
  </testcase>
  <testcase name="m5_03_testCommandsToUsage" classname="com.h2.Module5_Test" time="0">
    <failure message="Finance should be present ==&gt; expected: &lt;true&gt; but was: &lt;false&gt;" type="org.opentest4j.AssertionFailedError"><![CDATA[org.opentest4j.AssertionFailedError: Finance should be present ==> expected: <true> but was: <false>
	at com.h2.Module5_Test.m5_03_testCommandsToUsage(Module5_Test.java:100)
]]></failure>
  </testcase>
  <testcase name="m5_05_testValidateCommandArgumentsCorrectness" classname="com.h2.Module5_Test" time="0">
    <failure message="Finance should be present ==&gt; expected: &lt;true&gt; but was: &lt;false&gt;" type="org.opentest4j.AssertionFailedError"><![CDATA[org.opentest4j.AssertionFailedError: Finance should be present ==> expected: <true> but was: <false>
	at com.h2.Module5_Test.m5_05_testValidateCommandArgumentsCorrectness(Module5_Test.java:153)
]]></failure>
  </testcase>
  <testcase name="m5_04_testValidateCommandArgumentsExistence" classname="com.h2.Module5_Test" time="0">
    <failure message="Finance should be present ==&gt; expected: &lt;true&gt; but was: &lt;false&gt;" type="org.opentest4j.AssertionFailedError"><![CDATA[org.opentest4j.AssertionFailedError: Finance should be present ==> expected: <true> but was: <false>
	at com.h2.Module5_Test.m5_04_testValidateCommandArgumentsExistence(Module5_Test.java:133)
]]></failure>
  </testcase>
  <testcase name="m05_02_testCommandConstantFields" classname="com.h2.Module5_Test" time="0">
    <failure message="Finance should be present ==&gt; expected: &lt;true&gt; but was: &lt;false&gt;" type="org.opentest4j.AssertionFailedError"><![CDATA[org.opentest4j.AssertionFailedError: Finance should be present ==> expected: <true> but was: <false>
	at com.h2.Module5_Test.m05_02_testCommandConstantFields(Module5_Test.java:66)
]]></failure>
  </testcase>
  <testcase name="m5_01_assertFinanceClassExistence" classname="com.h2.Module5_Test" time="0">
    <failure message="Finance should be present ==&gt; expected: &lt;true&gt; but was: &lt;false&gt;" type="org.opentest4j.AssertionFailedError"><![CDATA[org.opentest4j.AssertionFailedError: Finance should be present ==> expected: <true> but was: <false>
	at com.h2.Module5_Test.m5_01_assertFinanceClassExistence(Module5_Test.java:59)
]]></failure>
  </testcase>
  <testcase name="m5_08_testFinanceMainMethodExists" classname="com.h2.Module5_Test" time="0">
    <failure message="Finance must exist ==&gt; expected: &lt;true&gt; but was: &lt;false&gt;" type="org.opentest4j.AssertionFailedError"><![CDATA[org.opentest4j.AssertionFailedError: Finance must exist ==> expected: <true> but was: <false>
	at com.h2.Module5_Test.m5_08_testFinanceMainMethodExists(Module5_Test.java:279)
]]></failure>
  </testcase>
</testsuite>