<?xml version="1.0" encoding="UTF-8"?>
<testsuite xmlns:xsi="http://www.w3.org/2001/XMLSchema-instance" xsi:noNamespaceSchemaLocation="https://maven.apache.org/surefire/maven-surefire-plugin/xsd/surefire-test-report.xsd" name="com.h2.Module4_Test" time="0.012" tests="13" errors="0" skipped="0" failures="13">
  <properties>
[...]
</properties>
  <testcase name="m4_08_testExistenceOfCalculateMonthlyPayment" classname="com.h2.Module4_Test" time="0">
    <failure message="com.h2.MortgageCalculator must exist ==&gt; expected: &lt;true&gt; but was: &lt;false&gt;" type="org.opentest4j.AssertionFailedError"><![CDATA[org.opentest4j.AssertionFailedError: com.h2.MortgageCalculator must exist ==> expected: <true> but was: <false>
	at com.h2.Module4_Test.m4_08_testExistenceOfCalculateMonthlyPayment(Module4_Test.java:246)
]]></failure>
  </testcase>
  <testcase name="m04_01_testMortgageCalculatorExists" classname="com.h2.Module4_Test" time="0">
    <failure message="com.h2.MortgageCalculator must be created. ==&gt; expected: &lt;true&gt; but was: &lt;false&gt;" type="org.opentest4j.AssertionFailedError"><![CDATA[org.opentest4j.AssertionFailedError: com.h2.MortgageCalculator must be created. ==> expected: <true> but was: <false>
	at com.h2.Module4_Test.m04_01_testMortgageCalculatorExists(Module4_Test.java:60)
]]></failure>
  </testcase>
  <testcase name="m4_03_testMortgageConstructorAndCorrectness" classname="com.h2.Module4_Test" time="0">
    <failure message="com.h2.MortgageCalculator must exist ==&gt; expected: &lt;true&gt; but was: &lt;false&gt;" type="org.opentest4j.AssertionFailedError"><![CDATA[org.opentest4j.AssertionFailedError: com.h2.MortgageCalculator must exist ==> expected: <true> but was: <false>
	at com.h2.Module4_Test.m4_03_testMortgageConstructorAndCorrectness(Module4_Test.java:94)
]]></failure>
  </testcase>
  <testcase name="m4_05_testNumberOfPaymentsCorrectness" classname="com.h2.Module4_Test" time="0">
    <failure message="com.h2.MortgageCalculator must exist ==&gt; expected: &lt;true&gt; but was: &lt;false&gt;" type="org.opentest4j.AssertionFailedError"><![CDATA[org.opentest4j.AssertionFailedError: com.h2.MortgageCalculator must exist ==> expected: <true> but was: <false>
	at com.h2.Module4_Test.m4_05_testNumberOfPaymentsCorrectness(Module4_Test.java:154)
]]></failure>
  </testcase>
  <testcase name="m4_13_testMainMethodPrintsCorrectMortgageAmount" classname="com.h2.Module4_Test" time="0">
    <failure message="com.h2.MortgageCalculator must exist ==&gt; expected: &lt;true&gt; but was: &lt;false&gt;" type="org.opentest4j.AssertionFailedError"><![CDATA[org.opentest4j.AssertionFailedError: com.h2.MortgageCalculator must exist ==> expected: <true> but was: <false>
	at com.h2.Module4_Test.m4_13_testMainMethodPrintsCorrectMortgageAmount(Module4_Test.java:398)
]]></failure>
  </testcase>
  <testcase name="m4_10_testExistenceOfToString" classname="com.h2.Module4_Test" time="0">
    <failure message="com.h2.MortgageCalculator must exist ==&gt; expected: &lt;true&gt; but was: &lt;false&gt;" type="org.opentest4j.AssertionFailedError"><![CDATA[org.opentest4j.AssertionFailedError: com.h2.MortgageCalculator must exist ==> expected: <true> but was: <false>
	at com.h2.Module4_Test.m4_10_testExistenceOfToString(Module4_Test.java:309)
]]></failure>
  </testcase>
  <testcase name="m4_09_testCalculateMonthlyPaymentCorrectness" classname="com.h2.Module4_Test" time="0">
    <failure message="com.h2.MortgageCalculator must exist ==&gt; expected: &lt;true&gt; but was: &lt;false&gt;" type="org.opentest4j.AssertionFailedError"><![CDATA[org.opentest4j.AssertionFailedError: com.h2.MortgageCalculator must exist ==> expected: <true> but was: <false>
	at com.h2.Module4_Test.m4_09_testCalculateMonthlyPaymentCorrectness(Module4_Test.java:262)
]]></failure>
  </testcase>
  <testcase name="m4_04_testExistenceOfNumberOfPayments" classname="com.h2.Module4_Test" time="0">
    <failure message="com.h2.MortgageCalculator must exist ==&gt; expected: &lt;true&gt; but was: &lt;false&gt;" type="org.opentest4j.AssertionFailedError"><![CDATA[org.opentest4j.AssertionFailedError: com.h2.MortgageCalculator must exist ==> expected: <true> but was: <false>
	at com.h2.Module4_Test.m4_04_testExistenceOfNumberOfPayments(Module4_Test.java:138)
]]></failure>
  </testcase>
  <testcase name="m4_07_testMonthlyInterestRateCorrectness" classname="com.h2.Module4_Test" time="0">
    <failure message="com.h2.MortgageCalculator must exist ==&gt; expected: &lt;true&gt; but was: &lt;false&gt;" type="org.opentest4j.AssertionFailedError"><![CDATA[org.opentest4j.AssertionFailedError: com.h2.MortgageCalculator must exist ==> expected: <true> but was: <false>
	at com.h2.Module4_Test.m4_07_testMonthlyInterestRateCorrectness(Module4_Test.java:208)
]]></failure>
  </testcase>
  <testcase name="m4_11_testToStringCorrectness" classname="com.h2.Module4_Test" time="0">
    <failure message="com.h2.MortgageCalculator must exist ==&gt; expected: &lt;true&gt; but was: &lt;false&gt;" type="org.opentest4j.AssertionFailedError"><![CDATA[org.opentest4j.AssertionFailedError: com.h2.MortgageCalculator must exist ==> expected: <true> but was: <false>
	at com.h2.Module4_Test.m4_11_testToStringCorrectness(Module4_Test.java:325)
]]></failure>
  </testcase>
  <testcase name="m04_02_testExistenceOfPrivateFields" classname="com.h2.Module4_Test" time="0.007">
    <failure message="com.h2.MortgageCalculator must exist ==&gt; expected: &lt;true&gt; but was: &lt;false&gt;" type="org.opentest4j.AssertionFailedError"><![CDATA[org.opentest4j.AssertionFailedError: com.h2.MortgageCalculator must exist ==> expected: <true> but was: <false>
	at com.h2.Module4_Test.m04_02_testExistenceOfPrivateFields(Module4_Test.java:66)
]]></failure>
  </testcase>
  <testcase name="m4_12_testMainMethodExists" classname="com.h2.Module4_Test" time="0.003">
    <failure message="com.h2.MortgageCalculator must exist ==&gt; expected: &lt;true&gt; but was: &lt;false&gt;" type="org.opentest4j.AssertionFailedError"><![CDATA[org.opentest4j.AssertionFailedError: com.h2.MortgageCalculator must exist ==> expected: <true> but was: <false>
	at com.h2.Module4_Test.m4_12_testMainMethodExists(Module4_Test.java:375)
]]></failure>
  </testcase>
  <testcase name="m4_06_testExistenceOfMonthlyInterestRate" classname="com.h2.Module4_Test" time="0.001">
    <failure message="com.h2.MortgageCalculator must exist ==&gt; expected: &lt;true&gt; but was: &lt;false&gt;" type="org.opentest4j.AssertionFailedError"><![CDATA[org.opentest4j.AssertionFailedError: com.h2.MortgageCalculator must exist ==> expected: <true> but was: <false>
	at com.h2.Module4_Test.m4_06_testExistenceOfMonthlyInterestRate(Module4_Test.java:192)
]]></failure>
  </testcase>
</testsuite>