<?xml version="1.0" encoding="UTF-8"?>
<testsuite xmlns:xsi="http://www.w3.org/2001/XMLSchema-instance" xsi:noNamespaceSchemaLocation="https://maven.apache.org/surefire/maven-surefire-plugin/xsd/surefire-test-report.xsd" name="com.h2.Module3_Test" time="0.001" tests="14" errors="0" skipped="0" failures="14">
  <properties>
[...]
</properties>
  <testcase name="m3_10_testRemainingDaysInMonthWorksCorrectly" classname="com.h2.Module3_Test" time="0">
    <failure message="com.h2.SavingsCalculator must exist ==&gt; expected: &lt;true&gt; but was: &lt;false&gt;" type="org.opentest4j.AssertionFailedError"><![CDATA[org.opentest4j.AssertionFailedError: com.h2.SavingsCalculator must exist ==> expected: <true> but was: <false>
	at com.h2.Module3_Test.m3_10_testRemainingDaysInMonthWorksCorrectly(Module3_Test.java:252)
]]></failure>
  </testcase>
  <testcase name="m3_02_testExistenceOfPrivateFields" classname="com.h2.Module3_Test" time="0">
    <failure message="com.h2.SavingsCalculator must exist ==&gt; expected: &lt;true&gt; but was: &lt;false&gt;" type="org.opentest4j.AssertionFailedError"><![CDATA[org.opentest4j.AssertionFailedError: com.h2.SavingsCalculator must exist ==> expected: <true> but was: <false>
	at com.h2.Module3_Test.m3_02_testExistenceOfPrivateFields(Module3_Test.java:68)
]]></failure>
  </testcase>
  <testcase name="m3_11_testCalculateExists" classname="com.h2.Module3_Test" time="0">
    <failure message="com.h2.SavingsCalculator must exist ==&gt; expected: &lt;true&gt; but was: &lt;false&gt;" type="org.opentest4j.AssertionFailedError"><![CDATA[org.opentest4j.AssertionFailedError: com.h2.SavingsCalculator must exist ==> expected: <true> but was: <false>
	at com.h2.Module3_Test.m3_11_testCalculateExists(Module3_Test.java:277)
]]></failure>
  </testcase>
  <testcase name="m3_05_testSumOfCreditsExists" classname="com.h2.Module3_Test" time="0">
    <failure message="com.h2.SavingsCalculator must exist ==&gt; expected: &lt;true&gt; but was: &lt;false&gt;" type="org.opentest4j.AssertionFailedError"><![CDATA[org.opentest4j.AssertionFailedError: com.h2.SavingsCalculator must exist ==> expected: <true> but was: <false>
	at com.h2.Module3_Test.m3_05_testSumOfCreditsExists(Module3_Test.java:136)
]]></failure>
  </testcase>
  <testcase name="m3_08_testSumOfDebitsWorksCorrectly" classname="com.h2.Module3_Test" time="0">
    <failure message="com.h2.SavingsCalculator must exist ==&gt; expected: &lt;true&gt; but was: &lt;false&gt;" type="org.opentest4j.AssertionFailedError"><![CDATA[org.opentest4j.AssertionFailedError: com.h2.SavingsCalculator must exist ==> expected: <true> but was: <false>
	at com.h2.Module3_Test.m3_08_testSumOfDebitsWorksCorrectly(Module3_Test.java:198)
]]></failure>
  </testcase>
  <testcase name="m3_09_testRemainingDaysInMonthExists" classname="com.h2.Module3_Test" time="0">
    <failure message="com.h2.SavingsCalculator must exist ==&gt; expected: &lt;true&gt; but was: &lt;false&gt;" type="org.opentest4j.AssertionFailedError"><![CDATA[org.opentest4j.AssertionFailedError: com.h2.SavingsCalculator must exist ==> expected: <true> but was: <false>
	at com.h2.Module3_Test.m3_09_testRemainingDaysInMonthExists(Module3_Test.java:228)
]]></failure>
  </testcase>
  <testcase name="m3_03_testConstructor" classname="com.h2.Module3_Test" time="0">
    <failure message="com.h2.SavingsCalculator must exist ==&gt; expected: &lt;true&gt; but was: &lt;false&gt;" type="org.opentest4j.AssertionFailedError"><![CDATA[org.opentest4j.AssertionFailedError: com.h2.SavingsCalculator must exist ==> expected: <true> but was: <false>
	at com.h2.Module3_Test.m3_03_testConstructor(Module3_Test.java:85)
]]></failure>
  </testcase>
  <testcase name="m3_14_testMainMethodPrintsCorrectOutput" classname="com.h2.Module3_Test" time="0">
    <failure message="com.h2.SavingsCalculator must exist ==&gt; expected: &lt;true&gt; but was: &lt;false&gt;" type="org.opentest4j.AssertionFailedError"><![CDATA[org.opentest4j.AssertionFailedError: com.h2.SavingsCalculator must exist ==> expected: <true> but was: <false>
	at com.h2.Module3_Test.m3_14_testMainMethodPrintsCorrectOutput(Module3_Test.java:346)
]]></failure>
  </testcase>
  <testcase name="m3_06_testSumOfCreditsWorksCorrectly" classname="com.h2.Module3_Test" time="0">
    <failure message="com.h2.SavingsCalculator must exist ==&gt; expected: &lt;true&gt; but was: &lt;false&gt;" type="org.opentest4j.AssertionFailedError"><![CDATA[org.opentest4j.AssertionFailedError: com.h2.SavingsCalculator must exist ==> expected: <true> but was: <false>
	at com.h2.Module3_Test.m3_06_testSumOfCreditsWorksCorrectly(Module3_Test.java:152)
]]></failure>
  </testcase>
  <testcase name="m3_13_testMainExists" classname="com.h2.Module3_Test" time="0">
    <failure message="com.h2.SavingsCalculator must exist ==&gt; expected: &lt;true&gt; but was: &lt;false&gt;" type="org.opentest4j.AssertionFailedError"><![CDATA[org.opentest4j.AssertionFailedError: com.h2.SavingsCalculator must exist ==> expected: <true> but was: <false>
	at com.h2.Module3_Test.m3_13_testMainExists(Module3_Test.java:322)
]]></failure>
  </testcase>
  <testcase name="m3_07_testSumOfDebitsExists" classname="com.h2.Module3_Test" time="0">
    <failure message="com.h2.SavingsCalculator must exist ==&gt; expected: &lt;true&gt; but was: &lt;false&gt;" type="org.opentest4j.AssertionFailedError"><![CDATA[org.opentest4j.AssertionFailedError: com.h2.SavingsCalculator must exist ==> expected: <true> but was: <false>
	at com.h2.Module3_Test.m3_07_testSumOfDebitsExists(Module3_Test.java:182)
]]></failure>
  </testcase>
  <testcase name="m3_04_testFieldsValueSetWhenConstructorCalled" classname="com.h2.Module3_Test" time="0.001">
    <failure message="com.h2.SavingsCalculator must exist ==&gt; expected: &lt;true&gt; but was: &lt;false&gt;" type="org.opentest4j.AssertionFailedError"><![CDATA[org.opentest4j.AssertionFailedError: com.h2.SavingsCalculator must exist ==> expected: <true> but was: <false>
	at com.h2.Module3_Test.m3_04_testFieldsValueSetWhenConstructorCalled(Module3_Test.java:103)
]]></failure>
  </testcase>
  <testcase name="m03_01_testSavingsCalculatorExists" classname="com.h2.Module3_Test" time="0">
    <failure message="com.h2.SavingsCalculator must be created. ==&gt; expected: &lt;true&gt; but was: &lt;false&gt;" type="org.opentest4j.AssertionFailedError"><![CDATA[org.opentest4j.AssertionFailedError: com.h2.SavingsCalculator must be created. ==> expected: <true> but was: <false>
	at com.h2.Module3_Test.m03_01_testSavingsCalculatorExists(Module3_Test.java:62)
]]></failure>
  </testcase>
  <testcase name="m3_12_testCalculateWorksCorrectly" classname="com.h2.Module3_Test" time="0">
    <failure message="com.h2.SavingsCalculator must exist ==&gt; expected: &lt;true&gt; but was: &lt;false&gt;" type="org.opentest4j.AssertionFailedError"><![CDATA[org.opentest4j.AssertionFailedError: com.h2.SavingsCalculator must exist ==> expected: <true> but was: <false>
	at com.h2.Module3_Test.m3_12_testCalculateWorksCorrectly(Module3_Test.java:294)
]]></failure>
  </testcase>
</testsuite>